<?xml version="1.0" encoding="UTF-8"?>
<testsuite xmlns:xsi="http://www.w3.org/2001/XMLSchema-instance" xsi:noNamespaceSchemaLocation="https://maven.apache.org/surefire/maven-surefire-plugin/xsd/surefire-test-report.xsd" name="milestone2.Milestone2_Artifact.AppTest" time="1.119" tests="1" errors="0" skipped="0" failures="0">
  <properties>
    <property name="java.specification.version" value="16"/>
    <property name="sun.cpu.isalist" value="amd64"/>
    <property name="sun.jnu.encoding" value="Cp1252"/>
    <property name="java.class.path" value="C:\Users\User\Documents\workspace-spring-tool-suite-4-4.12.1.CI-B263\Milestone2_Artifact\target\test-classes;C:\Users\User\Documents\workspace-spring-tool-suite-4-4.12.1.CI-B263\Milestone2_Artifact\target\classes;C:\Users\mindc1july25\.m2\repository\junit\junit\4.11\junit-4.11.jar;C:\Users\mindc1july25\.m2\repository\org\hamcrest\hamcrest-core\1.3\hamcrest-core-1.3.jar;C:\Users\mindc1july25\.m2\repository\org\testng\testng\7.0.0\testng-7.0.0.jar;C:\Users\mindc1july25\.m2\repository\com\beust\jcommander\1.72\jcommander-1.72.jar;"/>
    <property name="java.vm.vendor" value="Oracle Corporation"/>
    <property name="sun.arch.data.model" value="64"/>
    <property name="user.variant" value=""/>
    <property name="java.vendor.url" value="https://java.oracle.com/"/>
    <property name="user.timezone" value="GMT+05:30"/>
    <property name="os.name" value="Windows 10"/>
    <property name="java.vm.specification.version" value="16"/>
    <property name="sun.java.launcher" value="SUN_STANDARD"/>
    <property name="user.country" value="IN"/>
    <property name="sun.boot.library.path" value="E:\Software\spring-tool-suite-4-4.12.1.CI-B263-e4.22.0-win32.win32.x86_64\sts-4.12.1.CI-B263\plugins\org.eclipse.justj.openjdk.hotspot.jre.full.win32.x86_64_16.0.2.v20210721-1149\jre\bin"/>
    <property name="sun.java.command" value="C:\Users\MINDC1~1\AppData\Local\Temp\surefire3133337261762836213\surefirebooter16548556183921541317.jar C:\Users\mindc1july25\AppData\Local\Temp\surefire3133337261762836213 2022-08-17T13-44-56_261-jvmRun1 surefire16115675289713710013tmp surefire_01820383185035476153tmp"/>
    <property name="jdk.debug" value="release"/>
    <property name="surefire.test.class.path" value="C:\Users\User\Documents\workspace-spring-tool-suite-4-4.12.1.CI-B263\Milestone2_Artifact\target\test-classes;C:\Users\User\Documents\workspace-spring-tool-suite-4-4.12.1.CI-B263\Milestone2_Artifact\target\classes;C:\Users\mindc1july25\.m2\repository\junit\junit\4.11\junit-4.11.jar;C:\Users\mindc1july25\.m2\repository\org\hamcrest\hamcrest-core\1.3\hamcrest-core-1.3.jar;C:\Users\mindc1july25\.m2\repository\org\testng\testng\7.0.0\testng-7.0.0.jar;C:\Users\mindc1july25\.m2\repository\com\beust\jcommander\1.72\jcommander-1.72.jar;"/>
    <property name="sun.cpu.endian" value="little"/>
    <property name="user.home" value="C:\Users\mindc1july25"/>
    <property name="user.language" value="en"/>
    <property name="java.specification.vendor" value="Oracle Corporation"/>
    <property name="java.version.date" value="2021-07-20"/>
    <property name="java.home" value="E:\Software\spring-tool-suite-4-4.12.1.CI-B263-e4.22.0-win32.win32.x86_64\sts-4.12.1.CI-B263\plugins\org.eclipse.justj.openjdk.hotspot.jre.full.win32.x86_64_16.0.2.v20210721-1149\jre"/>
    <property name="file.separator" value="\"/>
    <property name="style.color" value="always"/>
    <property name="basedir" value="C:\Users\User\Documents\workspace-spring-tool-suite-4-4.12.1.CI-B263\Milestone2_Artifact"/>
    <property name="java.vm.compressedOopsMode" value="Zero based"/>
    <property name="line.separator" value="&#10;"/>
    <property name="java.vm.specification.vendor" value="Oracle Corporation"/>
    <property name="java.specification.name" value="Java Platform API Specification"/>
    <property name="surefire.real.class.path" value="C:\Users\MINDC1~1\AppData\Local\Temp\surefire3133337261762836213\surefirebooter16548556183921541317.jar"/>
    <property name="user.script" value=""/>
    <property name="sun.management.compiler" value="HotSpot 64-Bit Tiered Compilers"/>
    <property name="java.runtime.version" value="16.0.2+7-67"/>
    <property name="user.name" value="mindc1july25"/>
    <property name="path.separator" value=";"/>
    <property name="os.version" value="10.0"/>
    <property name="java.runtime.name" value="OpenJDK Runtime Environment"/>
    <property name="file.encoding" value="Cp1252"/>
    <property name="java.vm.name" value="OpenJDK 64-Bit Server VM"/>
    <property name="localRepository" value="C:\Users\mindc1july25\.m2\repository"/>
    <property name="java.vendor.url.bug" value="https://bugreport.java.com/bugreport/"/>
    <property name="java.io.tmpdir" value="C:\Users\MINDC1~1\AppData\Local\Temp\"/>
    <property name="java.version" value="16.0.2"/>
    <property name="user.dir" value="C:\Users\User\Documents\workspace-spring-tool-suite-4-4.12.1.CI-B263\Milestone2_Artifact"/>
    <property name="os.arch" value="amd64"/>
    <property name="java.vm.specification.name" value="Java Virtual Machine Specification"/>
    <property name="sun.os.patch.level" value=""/>
    <property name="java.library.path" value="E:\Software\spring-tool-suite-4-4.12.1.CI-B263-e4.22.0-win32.win32.x86_64\sts-4.12.1.CI-B263\plugins\org.eclipse.justj.openjdk.hotspot.jre.full.win32.x86_64_16.0.2.v20210721-1149\jre\bin;C:\Windows\Sun\Java\bin;C:\Windows\system32;C:\Windows;E:/Software/spring-tool-suite-4-4.12.1.CI-B263-e4.22.0-win32.win32.x86_64/sts-4.12.1.CI-B263//plugins/org.eclipse.justj.openjdk.hotspot.jre.full.win32.x86_64_16.0.2.v20210721-1149/jre/bin/server;E:/Software/spring-tool-suite-4-4.12.1.CI-B263-e4.22.0-win32.win32.x86_64/sts-4.12.1.CI-B263//plugins/org.eclipse.justj.openjdk.hotspot.jre.full.win32.x86_64_16.0.2.v20210721-1149/jre/bin;C:\Program Files\Common Files\Oracle\Java\javapath;C:\Program Files (x86)\Common Files\Oracle\Java\javapath;C:\Windows\system32;C:\Windows;C:\Windows\System32\Wbem;C:\Windows\System32\WindowsPowerShell\v1.0\;C:\Windows\System32\OpenSSH\;C:\Program Files (x86)\Citrix\HDX\bin\;C:\Program Files\Citrix\HDX\bin\;C:\Program Files\nodejs\;C:\Program Files (x86)\Microsoft SQL Server\140\Tools\Binn\;C:\Program Files\Microsoft SQL Server\140\Tools\Binn\;C:\Program Files (x86)\Microsoft SQL Server\140\DTS\Binn\;C:\Program Files\Microsoft SQL Server\140\DTS\Binn\;C:\Program Files\Microsoft SQL Server\Client SDK\ODBC\130\Tools\Binn\;C:\Program Files (x86)\Microsoft SQL Server\150\DTS\Binn\;C:\Program Files\Azure Data Studio\bin;C:\Program Files\Git\cmd;C:\Program Files\dotnet\;C:\Program Files\Microsoft SQL Server\130\Tools\Binn\;C:\Program Files\Microsoft SQL Server\Client SDK\ODBC\170\Tools\Binn\;C:\Program Files\apache-maven-3.8.3\bin\;C:\Users\mindc1july25\AppData\Local\Microsoft\WindowsApps;;E:\Software\spring-tool-suite-4-4.12.1.CI-B263-e4.22.0-win32.win32.x86_64\sts-4.12.1.CI-B263;;."/>
    <property name="java.vm.info" value="mixed mode"/>
    <property name="java.vendor" value="Oracle Corporation"/>
    <property name="java.vm.version" value="16.0.2+7-67"/>
    <property name="sun.io.unicode.encoding" value="UnicodeLittle"/>
    <property name="java.class.version" value="60.0"/>
  </properties>
  <testcase name="shouldAnswerWithTrue on shouldAnswerWithTrue(milestone2.Milestone2_Artifact.AppTest)" classname="milestone2.Milestone2_Artifact.AppTest" time="0.005"/>
</testsuite>