<?xml version="1.0" encoding="UTF-8"?>
<!-- Generated by org.testng.reporters.JUnitReportReporter -->
<testsuite hostname="mc1junb269" failures="0" tests="1" name="milestone2.Milestone2_Artifact.AppTest" time="0.015" errors="0" timestamp="2022-08-17T13:44:59 GMT+05:30" skipped="0">
  <testcase classname="milestone2.Milestone2_Artifact.AppTest" name="shouldAnswerWithTrue" time="0.015"/>
</testsuite> <!-- milestone2.Milestone2_Artifact.AppTest -->
